No Arg Passed: viol_hour=8
Reverse Line iterating: Line: 0, Time: 1555
Data[6]: -1 :Increment bad_e_data
Data[9]: -1 :Increment bad_p_data
Reverse Line iterating: Line: 1, Time: 1550
Reverse Line iterating: Line: 2, Time: 1545
Reverse Line iterating: Line: 3, Time: 1540
Reverse Line iterating: Line: 4, Time: 1535
Reverse Line iterating: Line: 5, Time: 1530
Reverse Line iterating: Line: 6, Time: 1525
Reverse Line iterating: Line: 7, Time: 1520
Reverse Line iterating: Line: 8, Time: 1515
Reverse Line iterating: Line: 9, Time: 1510
Reverse Line iterating: Line: 10, Time: 1505
Reverse Line iterating: Line: 11, Time: 1500
Reverse Line iterating: Line: 12, Time: 1455
Reverse Line iterating: Line: 13, Time: 1450
Reverse Line iterating: Line: 14, Time: 1445
Reverse Line iterating: Line: 15, Time: 1440
Reverse Line iterating: Line: 16, Time: 1435
Reverse Line iterating: Line: 17, Time: 1430
Reverse Line iterating: Line: 18, Time: 1425
Reverse Line iterating: Line: 19, Time: 1420
Reverse Line iterating: Line: 20, Time: 1415
Reverse Line iterating: Line: 21, Time: 1410
Reverse Line iterating: Line: 22, Time: 1405
Reverse Line iterating: Line: 23, Time: 1400
Reverse Line iterating: Line: 24, Time: 1400
Reverse Line iterating: Line: 25, Time: 1355
Reverse Line iterating: Line: 26, Time: 1355
Reverse Line iterating: Line: 27, Time: 1350
Reverse Line iterating: Line: 28, Time: 1350
Reverse Line iterating: Line: 29, Time: 1345
Reverse Line iterating: Line: 30, Time: 1345
Reverse Line iterating: Line: 31, Time: 1340
Reverse Line iterating: Line: 32, Time: 1340
Reverse Line iterating: Line: 33, Time: 1335
Reverse Line iterating: Line: 34, Time: 1335
Reverse Line iterating: Line: 35, Time: 1330
Reverse Line iterating: Line: 36, Time: 1330
Reverse Line iterating: Line: 37, Time: 1325
Reverse Line iterating: Line: 38, Time: 1320
Reverse Line iterating: Line: 39, Time: 1320
Reverse Line iterating: Line: 40, Time: 1315
Reverse Line iterating: Line: 41, Time: 1315
Reverse Line iterating: Line: 42, Time: 1310
Reverse Line iterating: Line: 43, Time: 1310
Reverse Line iterating: Line: 44, Time: 1310
Reverse Line iterating: Line: 45, Time: 1305
Reverse Line iterating: Line: 46, Time: 1305
Reverse Line iterating: Line: 47, Time: 1300
Reverse Line iterating: Line: 48, Time: 1300
Reverse Line iterating: Line: 49, Time: 1255
Reverse Line iterating: Line: 50, Time: 1250
Reverse Line iterating: Line: 51, Time: 1250
Reverse Line iterating: Line: 52, Time: 1250
Reverse Line iterating: Line: 53, Time: 1245
Reverse Line iterating: Line: 54, Time: 1245
Reverse Line iterating: Line: 55, Time: 1240
Reverse Line iterating: Line: 56, Time: 1240
Reverse Line iterating: Line: 57, Time: 1235
Reverse Line iterating: Line: 58, Time: 1235
Reverse Line iterating: Line: 59, Time: 1230
Reverse Line iterating: Line: 60, Time: 1230
Reverse Line iterating: Line: 61, Time: 1225
Reverse Line iterating: Line: 62, Time: 1225
Reverse Line iterating: Line: 63, Time: 1220
Reverse Line iterating: Line: 64, Time: 1220
Reverse Line iterating: Line: 65, Time: 1215
Reverse Line iterating: Line: 66, Time: 1215
Reverse Line iterating: Line: 67, Time: 1210
Reverse Line iterating: Line: 68, Time: 1210
Reverse Line iterating: Line: 69, Time: 1205
Reverse Line iterating: Line: 70, Time: 1205
Reverse Line iterating: Line: 71, Time: 1200
Reverse Line iterating: Line: 72, Time: 1200
Reverse Line iterating: Line: 73, Time: 1155
Reverse Line iterating: Line: 74, Time: 1155
Reverse Line iterating: Line: 75, Time: 1150
Reverse Line iterating: Line: 76, Time: 1150
Reverse Line iterating: Line: 77, Time: 1145
Reverse Line iterating: Line: 78, Time: 1145
Reverse Line iterating: Line: 79, Time: 1140
Reverse Line iterating: Line: 80, Time: 1140
Reverse Line iterating: Line: 81, Time: 1135
Reverse Line iterating: Line: 82, Time: 1135
Reverse Line iterating: Line: 83, Time: 1130
Reverse Line iterating: Line: 84, Time: 1130
Reverse Line iterating: Line: 85, Time: 1125
Reverse Line iterating: Line: 86, Time: 1125
Reverse Line iterating: Line: 87, Time: 1120
Reverse Line iterating: Line: 88, Time: 1120
Reverse Line iterating: Line: 89, Time: 1115
Reverse Line iterating: Line: 90, Time: 1115
Reverse Line iterating: Line: 91, Time: 1110
Reverse Line iterating: Line: 92, Time: 1110
Reverse Line iterating: Line: 93, Time: 1105
Reverse Line iterating: Line: 94, Time: 1105
Reverse Line iterating: Line: 95, Time: 1100
Reverse Line iterating: Line: 96, Time: 1100
Iterated till viol_hour: Breaking Loop A
Total bad data count: E: 1, P: 1
Current Hour: 12
Within Alert Time
